<?xml version="1.0" encoding="UTF-8"?>
<!-- Generated by org.testng.reporters.JUnitReportReporter -->
<testsuite hostname="P2CLAP-G01L1VH" name="com_SeleniumCodingChallangeSeries3_Test.homePageTest_3" tests="1" failures="0" timestamp="28 Jun 2019 06:08:09 GMT" time="18.353" errors="0">
  <testcase name="AddPeopleTest" time="18.353" classname="com_SeleniumCodingChallangeSeries3_Test.homePageTest_3"/>
</testsuite> <!-- com_SeleniumCodingChallangeSeries3_Test.homePageTest_3 -->
