<?xml version="1.0" encoding="UTF-8"?>
<!-- Generated by org.testng.reporters.JUnitReportReporter -->
<testsuite skipped="0" hostname="Parag-PC" name="com_SeleniumCodingChallangeSeries3_Test.LoginPageTest_3" tests="1" failures="0" timestamp="30 Jun 2019 16:29:39 GMT" time="51.071" errors="0">
  <testcase name="EnterValidUserNameTest" time="51.071" classname="com_SeleniumCodingChallangeSeries3_Test.LoginPageTest_3"/>
</testsuite> <!-- com_SeleniumCodingChallangeSeries3_Test.LoginPageTest_3 -->
