<?xml version="1.0" encoding="UTF-8"?>
<!-- Generated by org.testng.reporters.JUnitReportReporter -->
<testsuite hostname="P2C-1SXS6C2" name="com_SeleniumCodingChallangeSeries2_Test.DepartureRoundTest" tests="1" failures="0" timestamp="30 Apr 2019 12:17:18 GMT" time="57.856" errors="0">
  <testcase name="NumberOfDepartureFlights" time="57.856" classname="com_SeleniumCodingChallangeSeries2_Test.DepartureRoundTest"/>
</testsuite> <!-- com_SeleniumCodingChallangeSeries2_Test.DepartureRoundTest -->
