<?xml version="1.0" encoding="UTF-8"?>
<!-- Generated by org.testng.reporters.JUnitReportReporter -->
<testsuite skipped="0" hostname="Parag-PC" name="com_SeleniumCodingChallangeSeries3_Test.LoginPageTest_3" tests="1" failures="0" timestamp="09 Jun 2019 15:56:53 GMT" time="24.962" errors="0">
  <testcase name="EnterValidUserNameTest" time="24.962" classname="com_SeleniumCodingChallangeSeries3_Test.LoginPageTest_3"/>
</testsuite> <!-- com_SeleniumCodingChallangeSeries3_Test.LoginPageTest_3 -->
