<?xml version="1.0" encoding="UTF-8"?>
<!-- Generated by org.testng.reporters.JUnitReportReporter -->
<testsuite hostname="P2CLAP-G01L1VH" name="com_SeleniumCodingChallangeSeries3_Test.homePageTest_3" tests="1" failures="0" timestamp="27 Jun 2019 04:17:17 GMT" time="13.220" errors="0">
  <testcase name="AddPeopleTest" time="13.220" classname="com_SeleniumCodingChallangeSeries3_Test.homePageTest_3"/>
</testsuite> <!-- com_SeleniumCodingChallangeSeries3_Test.homePageTest_3 -->
