<?xml version="1.0" encoding="UTF-8"?>
<!-- Generated by org.testng.reporters.JUnitReportReporter -->
<testsuite skipped="0" hostname="Parag-PC" name="com_SeleniumCodingChallangeSeries3_Test.homePageTest_3" tests="1" failures="0" timestamp="27 Jun 2019 12:07:16 GMT" time="34.367" errors="0">
  <testcase name="AddPeopleTest" time="34.367" classname="com_SeleniumCodingChallangeSeries3_Test.homePageTest_3"/>
</testsuite> <!-- com_SeleniumCodingChallangeSeries3_Test.homePageTest_3 -->
