<?xml version="1.0" encoding="UTF-8"?>
<!-- Generated by org.testng.reporters.JUnitReportReporter -->
<testsuite hostname="P2C-1SXS6C2" name="com_SeleniumCodingChallangeSeries2_Test.DepartureRoundTest" tests="1" failures="0" timestamp="26 Apr 2019 11:30:40 GMT" time="41.556" errors="0">
  <testcase name="NumberOfDepartureFlights" time="41.556" classname="com_SeleniumCodingChallangeSeries2_Test.DepartureRoundTest"/>
</testsuite> <!-- com_SeleniumCodingChallangeSeries2_Test.DepartureRoundTest -->
